[debug] [2021-07-07T14:06:56.145Z] ----------------------------------------------------------------------
[debug] [2021-07-07T14:06:56.150Z] Command:       C:\Program Files\nodejs\node.exe C:\Users\Les\AppData\Roaming\npm\node_modules\firebase-tools\lib\bin\firebase.js init
[debug] [2021-07-07T14:06:56.151Z] CLI Version:   9.14.0
[debug] [2021-07-07T14:06:56.151Z] Platform:      win32
[debug] [2021-07-07T14:06:56.151Z] Node Version:  v14.15.4
[debug] [2021-07-07T14:06:56.153Z] Time:          Wed Jul 07 2021 22:06:56 GMT+0800 (Philippine Standard Time)
[debug] [2021-07-07T14:06:56.153Z] ----------------------------------------------------------------------
[debug] 
[debug] [2021-07-07T14:06:56.167Z] > command requires scopes: ["email","openid","https://www.googleapis.com/auth/cloudplatformprojects.readonly","https://www.googleapis.com/auth/firebase","https://www.googleapis.com/auth/cloud-platform"]
[debug] [2021-07-07T14:06:56.168Z] > authorizing via signed-in user (6.lesterantonio@gmail.com)
[info] 
     ######## #### ########  ######## ########     ###     ######  ########
     ##        ##  ##     ## ##       ##     ##  ##   ##  ##       ##
     ######    ##  ########  ######   ########  #########  ######  ######
     ##        ##  ##    ##  ##       ##     ## ##     ##       ## ##
     ##       #### ##     ## ######## ########  ##     ##  ######  ########

You're about to initialize a Firebase project in this directory:

  C:\Users\Les\Desktop\Portfolio\portfolio

Before we get started, keep in mind:

  * You are initializing within an existing Firebase project directory

[info] 
=== Project Setup
[info] 
[info] First, let's associate this project directory with a Firebase project.
[info] You can create multiple project aliases by running firebase use --add, 
[info] but for now we'll just set up a default project.
[info] 
[info] i  .firebaserc already has a default project, using portfolio-80172. 
[debug] [2021-07-07T14:07:01.502Z] >>> [apiv2][query] GET https://firebase.googleapis.com/v1beta1/projects/portfolio-80172 [none]
[debug] [2021-07-07T14:07:02.392Z] <<< [apiv2][status] GET https://firebase.googleapis.com/v1beta1/projects/portfolio-80172 200
[debug] [2021-07-07T14:07:02.392Z] <<< [apiv2][body] GET https://firebase.googleapis.com/v1beta1/projects/portfolio-80172 {"projectId":"portfolio-80172","projectNumber":"537001557318","displayName":"portfolio","name":"projects/portfolio-80172","resources":{"hostingSite":"portfolio-80172"},"state":"ACTIVE"}
[info] 
=== Hosting Setup
[info] 
[info] Your public directory is the folder (relative to your project directory) that
[info] will contain Hosting assets to be uploaded with firebase deploy. If you
[info] have a build process for your assets, use your build's output directory.
[info] 
